Build started 8/23/2015 6:34:39 PM.
     1>Project "C:\Users\Ben\Desktop\Projects\Boat 2D\Server\Server.vcxproj" on node 3 (Rebuild target(s)).
     1>ClCompile:
         C:\Program Files (x86)\Microsoft Visual Studio 12.0\VC\bin\CL.exe /c /Zi /nologo /W3 /WX- /O2 /Oi /Oy- /GL /D WIN32 /D NDEBUG /D _CONSOLE /D _UNICODE /D UNICODE /Gm- /EHsc /MD /GS /Gy /fp:precise /Zc:wchar_t /Zc:forScope /Fo"Release\\" /Fd"Release\vc120.pdb" /Gd /TP /analyze- /errorReport:prompt ..\Boat\Client.cpp ..\Boat\DataBuffer.cpp ..\Boat\Packet.cpp HostListener.cpp HostThread.cpp main.cpp Server.cpp
         Client.cpp
         DataBuffer.cpp
         Packet.cpp
         HostListener.cpp
         HostThread.cpp
         main.cpp
         Server.cpp
       Link:
         C:\Program Files (x86)\Microsoft Visual Studio 12.0\VC\bin\link.exe /ERRORREPORT:PROMPT /OUT:"C:\Users\Ben\Desktop\Projects\Boat 2D\Release\Server.exe" /INCREMENTAL:NO /NOLOGO kernel32.lib user32.lib gdi32.lib winspool.lib comdlg32.lib advapi32.lib shell32.lib ole32.lib oleaut32.lib uuid.lib odbc32.lib odbccp32.lib /MANIFEST /MANIFESTUAC:"level='asInvoker' uiAccess='false'" /manifest:embed /DEBUG /PDB:"C:\Users\Ben\Desktop\Projects\Boat 2D\Release\Server.pdb" /SUBSYSTEM:CONSOLE /OPT:REF /OPT:ICF /LTCG /TLBID:1 /DYNAMICBASE /NXCOMPAT /IMPLIB:"C:\Users\Ben\Desktop\Projects\Boat 2D\Release\Server.lib" /MACHINE:X86 /SAFESEH Release\Client.obj
         Release\DataBuffer.obj
         Release\Packet.obj
         Release\HostListener.obj
         Release\HostThread.obj
         Release\main.obj
         Release\Server.obj
     1>HostListener.obj : error LNK2001: unresolved external symbol __imp__accept@12
     1>HostListener.obj : error LNK2001: unresolved external symbol __imp__listen@8
     1>HostListener.obj : error LNK2001: unresolved external symbol __imp__socket@12
     1>HostListener.obj : error LNK2001: unresolved external symbol __imp__bind@12
     1>HostListener.obj : error LNK2001: unresolved external symbol __imp__ntohs@4
     1>HostListener.obj : error LNK2001: unresolved external symbol __imp__htons@4
     1>HostListener.obj : error LNK2001: unresolved external symbol __imp__WSAGetLastError@0
     1>HostListener.obj : error LNK2001: unresolved external symbol __imp__select@20
     1>HostListener.obj : error LNK2001: unresolved external symbol __imp__htonl@4
     1>HostListener.obj : error LNK2001: unresolved external symbol __imp__WSAStartup@8
     1>HostListener.obj : error LNK2001: unresolved external symbol __imp__inet_ntoa@4
     1>HostThread.obj : error LNK2001: unresolved external symbol __imp__send@16
     1>HostThread.obj : error LNK2001: unresolved external symbol __imp__recv@16
     1>MSVCRT.lib(crtexe.obj) : error LNK2001: unresolved external symbol _main
     1>C:\Users\Ben\Desktop\Projects\Boat 2D\Release\Server.exe : fatal error LNK1120: 14 unresolved externals
     1>Done Building Project "C:\Users\Ben\Desktop\Projects\Boat 2D\Server\Server.vcxproj" (Rebuild target(s)) -- FAILED.

Build FAILED.

Time Elapsed 00:00:07.12
