Build started 8/23/2015 7:05:48 PM.
     1>Project "C:\Users\Ben\Desktop\Projects\LudumDare-08-21-2015\Boat\Boat.vcxproj" on node 2 (Build target(s)).
     1>ClCompile:
         C:\Program Files (x86)\Microsoft Visual Studio 11.0\VC\bin\CL.exe /c /Zi /nologo /W3 /WX- /O2 /Oi /Oy- /GL /D WIN32 /D _CONSOLE /D _MBCS /Gm- /EHsc /MT /GS /fp:precise /Zc:wchar_t /Zc:forScope /Fo"Release\\" /Fd"Release\vc110.pdb" /Gd /TP /analyze- /errorReport:prompt Game.cpp
         Game.cpp
     1>C:\Program Files (x86)\Microsoft Visual Studio 11.0\VC\include\math.h(631): warning C4005: 'M_PI' : macro redefinition
                 c:\users\ben\desktop\projects\ludumdare-08-21-2015\boat\sdl2-2.0.3\include\SDL_stdinc.h(350) : see previous definition of 'M_PI'
     1>Game.cpp(27): warning C4996: 'strncpy': This function or variable may be unsafe. Consider using strncpy_s instead. To disable deprecation, use _CRT_SECURE_NO_WARNINGS. See online help for details.
                 C:\Program Files (x86)\Microsoft Visual Studio 11.0\VC\include\string.h(191) : see declaration of 'strncpy'
     1>Game.cpp(47): warning C4244: '=' : conversion from 'double' to 'int', possible loss of data
     1>Game.cpp(67): warning C4996: 'fopen': This function or variable may be unsafe. Consider using fopen_s instead. To disable deprecation, use _CRT_SECURE_NO_WARNINGS. See online help for details.
                 C:\Program Files (x86)\Microsoft Visual Studio 11.0\VC\include\stdio.h(218) : see declaration of 'fopen'
     1>Game.cpp(84): warning C4018: '<' : signed/unsigned mismatch
     1>Game.cpp(112): warning C4244: 'initializing' : conversion from 'double' to 'float', possible loss of data
     1>Game.cpp(167): warning C4996: 'vsprintf': This function or variable may be unsafe. Consider using vsprintf_s instead. To disable deprecation, use _CRT_SECURE_NO_WARNINGS. See online help for details.
                 C:\Program Files (x86)\Microsoft Visual Studio 11.0\VC\include\stdio.h(357) : see declaration of 'vsprintf'
     1>Game.cpp(273): warning C4800: 'BOOL' : forcing value to bool 'true' or 'false' (performance warning)
     1>Game.cpp(566): warning C4305: 'argument' : truncation from 'double' to 'const btScalar'
     1>Game.cpp(874): warning C4244: 'argument' : conversion from 'double' to 'long', possible loss of data
     1>Game.cpp(1129): warning C4305: 'argument' : truncation from 'double' to 'GLclampf'
       Link:
         C:\Program Files (x86)\Microsoft Visual Studio 11.0\VC\bin\link.exe /ERRORREPORT:PROMPT /OUT:"C:\Users\Ben\Desktop\Projects\LudumDare-08-21-2015\Release\Boat.exe" /NOLOGO glu32.lib opengl32.lib OpenGL\glew32.lib OpenAL\OpenAL32.lib "SDL2-2.0.3\lib\x86\SDL2.lib" Ws2_32.lib Bullet\lib\OpenGLSupport.lib Bullet\lib\BulletDynamics.lib Bullet\lib\BulletCollision.lib Bullet\lib\LinearMath.lib Bullet\lib\BulletSoftBody.lib kernel32.lib user32.lib gdi32.lib winspool.lib comdlg32.lib advapi32.lib shell32.lib ole32.lib oleaut32.lib uuid.lib odbc32.lib odbccp32.lib /MANIFEST /MANIFESTUAC:"level='asInvoker' uiAccess='false'" /manifest:embed /DEBUG /PDB:"C:\Users\Ben\Desktop\Projects\LudumDare-08-21-2015\Release\Boat.pdb" /OPT:REF /OPT:ICF /LTCG /TLBID:1 /DYNAMICBASE /NXCOMPAT /IMPLIB:"C:\Users\Ben\Desktop\Projects\LudumDare-08-21-2015\Release\Boat.lib" /MACHINE:X86 /SAFESEH:NO Release\AssetLoader.obj
         Release\AssetManager.obj
         Release\BoxObject.obj
         Release\Camera.obj
         Release\Character.obj
         Release\CircleObject.obj
         Release\Client.obj
         Release\ClientThread.obj
         Release\CollisionObject.obj
         Release\DataBuffer.obj
         Release\EventHandler.obj
         Release\EventLogger.obj
         Release\EventSerializer.obj
         Release\FrameBuffer.obj
         Release\Game.obj
         Release\GameObject.obj
         Release\GaussianDistributionHandler.obj
         Release\HeightFieldObject.obj
         Release\InputManager.obj
         Release\main.obj
         Release\Man.obj
         Release\Model.obj
         Release\Packet.obj
         Release\PhysicsObject.obj
         Release\PlayerObject.obj
         Release\PropObject.obj
         Release\RenderObject.obj
         Release\RigidObject.obj
         Release\Settings.obj
         Release\Shader.obj
         Release\Soldier.obj
         Release\Sound.obj
         Release\SoundManager.obj
         Release\SoundSource.obj
         Release\Texture.obj
         Generating code
     1>c:\users\ben\desktop\projects\ludumdare-08-21-2015\boat\collisionobject.cpp(29): warning C4715: 'CollisionObject::initBullet' : not all control paths return a value
         Finished generating code
         Boat.vcxproj -> C:\Users\Ben\Desktop\Projects\LudumDare-08-21-2015\Release\Boat.exe
     1>Done Building Project "C:\Users\Ben\Desktop\Projects\LudumDare-08-21-2015\Boat\Boat.vcxproj" (Build target(s)).

Build succeeded.

Time Elapsed 00:00:06.12
