c:\users\ben\desktop\projects\boat 2d\boat\release\main.obj
c:\users\ben\desktop\projects\boat 2d\boat\release\inputmanager.obj
c:\users\ben\desktop\projects\boat 2d\boat\release\heightfieldobject.obj
c:\users\ben\desktop\projects\boat 2d\boat\release\gaussiandistributionhandler.obj
c:\users\ben\desktop\projects\boat 2d\boat\release\gameobject.obj
c:\users\ben\desktop\projects\boat 2d\boat\release\game.obj
c:\users\ben\desktop\projects\boat 2d\boat\release\framebuffer.obj
c:\users\ben\desktop\projects\boat 2d\boat\release\eventserializer.obj
c:\users\ben\desktop\projects\boat 2d\boat\release\eventlogger.obj
c:\users\ben\desktop\projects\boat 2d\boat\release\eventhandler.obj
c:\users\ben\desktop\projects\boat 2d\boat\release\databuffer.obj
c:\users\ben\desktop\projects\boat 2d\boat\release\collisionobject.obj
c:\users\ben\desktop\projects\boat 2d\boat\release\clientthread.obj
c:\users\ben\desktop\projects\boat 2d\boat\release\client.obj
c:\users\ben\desktop\projects\boat 2d\boat\release\circleobject.obj
c:\users\ben\desktop\projects\boat 2d\boat\release\character.obj
c:\users\ben\desktop\projects\boat 2d\boat\release\camera.obj
c:\users\ben\desktop\projects\boat 2d\boat\release\boxobject.obj
c:\users\ben\desktop\projects\boat 2d\boat\release\assetmanager.obj
c:\users\ben\desktop\projects\boat 2d\boat\release\assetloader.obj
c:\users\ben\desktop\projects\boat 2d\boat\release\texture.obj
c:\users\ben\desktop\projects\boat 2d\boat\release\soundsource.obj
c:\users\ben\desktop\projects\boat 2d\boat\release\soundmanager.obj
c:\users\ben\desktop\projects\boat 2d\boat\release\sound.obj
c:\users\ben\desktop\projects\boat 2d\boat\release\soldier.obj
c:\users\ben\desktop\projects\boat 2d\boat\release\shader.obj
c:\users\ben\desktop\projects\boat 2d\boat\release\settings.obj
c:\users\ben\desktop\projects\boat 2d\boat\release\rigidobject.obj
c:\users\ben\desktop\projects\boat 2d\boat\release\renderobject.obj
c:\users\ben\desktop\projects\boat 2d\boat\release\propobject.obj
c:\users\ben\desktop\projects\boat 2d\boat\release\playerobject.obj
c:\users\ben\desktop\projects\boat 2d\boat\release\physicsobject.obj
c:\users\ben\desktop\projects\boat 2d\boat\release\packet.obj
c:\users\ben\desktop\projects\boat 2d\boat\release\model.obj
c:\users\ben\desktop\projects\boat 2d\boat\release\man.obj
c:\users\ben\desktop\projects\boat 2d\boat\release\vc110.pdb
c:\users\ben\desktop\projects\boat 2d\release\boat.exe
c:\users\ben\desktop\projects\boat 2d\release\boat.pdb
c:\users\ben\desktop\projects\ludum dare spider\boat\release\assetloader.obj
c:\users\ben\desktop\projects\ludum dare spider\boat\release\assetmanager.obj
c:\users\ben\desktop\projects\ludum dare spider\boat\release\boxobject.obj
c:\users\ben\desktop\projects\ludum dare spider\boat\release\camera.obj
c:\users\ben\desktop\projects\ludum dare spider\boat\release\character.obj
c:\users\ben\desktop\projects\ludum dare spider\boat\release\circleobject.obj
c:\users\ben\desktop\projects\ludum dare spider\boat\release\client.obj
c:\users\ben\desktop\projects\ludum dare spider\boat\release\clientthread.obj
c:\users\ben\desktop\projects\ludum dare spider\boat\release\collisionobject.obj
c:\users\ben\desktop\projects\ludum dare spider\boat\release\databuffer.obj
c:\users\ben\desktop\projects\ludum dare spider\boat\release\eventhandler.obj
c:\users\ben\desktop\projects\ludum dare spider\boat\release\eventlogger.obj
c:\users\ben\desktop\projects\ludum dare spider\boat\release\eventserializer.obj
c:\users\ben\desktop\projects\ludum dare spider\boat\release\framebuffer.obj
c:\users\ben\desktop\projects\ludum dare spider\boat\release\game.obj
c:\users\ben\desktop\projects\ludum dare spider\boat\release\gameobject.obj
c:\users\ben\desktop\projects\ludum dare spider\boat\release\gaussiandistributionhandler.obj
c:\users\ben\desktop\projects\ludum dare spider\boat\release\heightfieldobject.obj
c:\users\ben\desktop\projects\ludum dare spider\boat\release\inputmanager.obj
c:\users\ben\desktop\projects\ludum dare spider\boat\release\main.obj
c:\users\ben\desktop\projects\ludum dare spider\boat\release\man.obj
c:\users\ben\desktop\projects\ludum dare spider\boat\release\model.obj
c:\users\ben\desktop\projects\ludum dare spider\boat\release\packet.obj
c:\users\ben\desktop\projects\ludum dare spider\boat\release\physicsobject.obj
c:\users\ben\desktop\projects\ludum dare spider\boat\release\playerobject.obj
c:\users\ben\desktop\projects\ludum dare spider\boat\release\propobject.obj
c:\users\ben\desktop\projects\ludum dare spider\boat\release\renderobject.obj
c:\users\ben\desktop\projects\ludum dare spider\boat\release\rigidobject.obj
c:\users\ben\desktop\projects\ludum dare spider\boat\release\settings.obj
c:\users\ben\desktop\projects\ludum dare spider\boat\release\shader.obj
c:\users\ben\desktop\projects\ludum dare spider\boat\release\soldier.obj
c:\users\ben\desktop\projects\ludum dare spider\boat\release\sound.obj
c:\users\ben\desktop\projects\ludum dare spider\boat\release\soundmanager.obj
c:\users\ben\desktop\projects\ludum dare spider\boat\release\soundsource.obj
c:\users\ben\desktop\projects\ludum dare spider\boat\release\texture.obj
c:\users\ben\desktop\projects\ludum dare spider\boat\release\cl.command.1.tlog
c:\users\ben\desktop\projects\ludum dare spider\boat\release\cl.read.1.tlog
c:\users\ben\desktop\projects\ludum dare spider\boat\release\cl.write.1.tlog
c:\users\ben\desktop\projects\ludum dare spider\boat\release\link-cvtres.read.1.tlog
c:\users\ben\desktop\projects\ludum dare spider\boat\release\link-cvtres.write.1.tlog
c:\users\ben\desktop\projects\ludum dare spider\boat\release\link-rc.read.1.tlog
c:\users\ben\desktop\projects\ludum dare spider\boat\release\link-rc.write.1.tlog
c:\users\ben\desktop\projects\ludum dare spider\boat\release\link.command.1.tlog
c:\users\ben\desktop\projects\ludum dare spider\boat\release\link.read.1.tlog
c:\users\ben\desktop\projects\ludum dare spider\boat\release\link.read.5.tlog
c:\users\ben\desktop\projects\ludum dare spider\boat\release\link.write.1.tlog
c:\users\ben\desktop\projects\ludum dare spider\boat\release\vc110.pdb
c:\users\ben\desktop\projects\ludum dare spider\release\boat.pdb
c:\users\ben\desktop\projects\ludum dare spider\release\boat.exe
