Build started 4/28/2015 8:10:33 PM.
     1>Project "C:\Users\Ben\Desktop\Projects\Gravity\Gravity\Gravity.vcxproj" on node 2 (Build target(s)).
     1>ClCompile:
         C:\Program Files (x86)\Microsoft Visual Studio 11.0\VC\bin\CL.exe /c /I"C:\Program Files (x86)\Visual Leak Detector\include" /Zi /nologo /W3 /WX- /O2 /Oi /Oy- /GL /D WIN32 /D _CONSOLE /D _MBCS /Gm- /EHsc /MT /GS /Gy- /fp:precise /Zc:wchar_t /Zc:forScope /Fo"Release\\" /Fd"Release\vc110.pdb" /Gd /TP /analyze- /errorReport:prompt HostThread.cpp
         HostThread.cpp
     1>c:\users\ben\desktop\projects\gravity\gravity\Utilities.h(22): warning C4018: '<' : signed/unsigned mismatch
     1>c:\users\ben\desktop\projects\gravity\gravity\Utilities.h(26): warning C4244: '=' : conversion from 'double' to 'float', possible loss of data
     1>c:\users\ben\desktop\projects\gravity\gravity\Utilities.h(27): warning C4244: '=' : conversion from 'double' to 'float', possible loss of data
     1>c:\users\ben\desktop\projects\gravity\gravity\Utilities.h(35): warning C4244: '=' : conversion from 'double' to 'float', possible loss of data
       Link:
         C:\Program Files (x86)\Microsoft Visual Studio 11.0\VC\bin\link.exe /ERRORREPORT:PROMPT /OUT:"C:\Users\Ben\Desktop\Projects\Gravity\Release\Gravity.exe" /NOLOGO /LIBPATH:"C:\Program Files (x86)\Visual Leak Detector\lib\Win32" glew32.lib glu32.lib opengl32.lib "SDL2-2.0.3\lib\x86\SDL2.lib" Ws2_32.lib Bullet\lib\OpenGLSupport.lib Bullet\lib\BulletDynamics.lib Bullet\lib\BulletCollision.lib Bullet\lib\LinearMath.lib Bullet\lib\BulletSoftBody.lib kernel32.lib user32.lib gdi32.lib winspool.lib comdlg32.lib advapi32.lib shell32.lib ole32.lib oleaut32.lib uuid.lib odbc32.lib odbccp32.lib /MANIFEST /MANIFESTUAC:"level='asInvoker' uiAccess='false'" /manifest:embed /DEBUG /PDB:"C:\Users\Ben\Desktop\Projects\Gravity\Release\Gravity.pdb" /OPT:REF /OPT:ICF /LTCG /TLBID:1 /DYNAMICBASE /NXCOMPAT /IMPLIB:"C:\Users\Ben\Desktop\Projects\Gravity\Release\Gravity.lib" /MACHINE:X86 /SAFESEH Release\AI.obj
         Release\AssetLoader.obj
         Release\AssetManager.obj
         Release\Camera.obj
         Release\Character.obj
         Release\ClientThread.obj
         Release\CollisionObject.obj
         Release\Game.obj
         Release\GameObject.obj
         Release\HostListener.obj
         Release\HostThread.obj
         Release\InputManager.obj
         Release\main.obj
         Release\Model.obj
         Release\Packet.obj
         Release\PhysicsObject.obj
         Release\PlayerObject.obj
         Release\RagdollObject.obj
         Release\RenderObject.obj
         Release\RigidObject.obj
         Release\Rocket.obj
         Release\FireballLauncher.obj
         Release\Settings.obj
         Release\Shader.obj
         Release\Texture.obj
         Release\Spell.obj
         Generating code
     1>c:\users\ben\desktop\projects\gravity\gravity\collisionobject.cpp(29): warning C4715: 'CollisionObject::initBullet' : not all control paths return a value
     1>c:\users\ben\desktop\projects\gravity\gravity\renderobject.cpp(103): warning C4715: 'RenderObject::render' : not all control paths return a value
         Finished generating code
         Gravity.vcxproj -> C:\Users\Ben\Desktop\Projects\Gravity\Release\Gravity.exe
     1>Done Building Project "C:\Users\Ben\Desktop\Projects\Gravity\Gravity\Gravity.vcxproj" (Build target(s)).

Build succeeded.

Time Elapsed 00:00:07.33
