C:\USERS\BEN\DESKTOP\PROJECTS\GRAVITY\GRAVITY\RELEASE\SHADER.OBJ
C:\USERS\BEN\DESKTOP\PROJECTS\GRAVITY\GRAVITY\RELEASE\ROCKETLAUNCHER.OBJ
C:\USERS\BEN\DESKTOP\PROJECTS\GRAVITY\GRAVITY\RELEASE\ROCKET.OBJ
C:\USERS\BEN\DESKTOP\PROJECTS\GRAVITY\GRAVITY\RELEASE\RIGIDOBJECT.OBJ
C:\USERS\BEN\DESKTOP\PROJECTS\GRAVITY\GRAVITY\RELEASE\RENDEROBJECT.OBJ
C:\USERS\BEN\DESKTOP\PROJECTS\GRAVITY\GRAVITY\RELEASE\RAGDOLLOBJECT.OBJ
C:\USERS\BEN\DESKTOP\PROJECTS\GRAVITY\GRAVITY\RELEASE\PLAYEROBJECT.OBJ
C:\USERS\BEN\DESKTOP\PROJECTS\GRAVITY\GRAVITY\RELEASE\PHYSICSOBJECT.OBJ
C:\USERS\BEN\DESKTOP\PROJECTS\GRAVITY\GRAVITY\RELEASE\MODEL.OBJ
C:\USERS\BEN\DESKTOP\PROJECTS\GRAVITY\GRAVITY\RELEASE\MAIN.OBJ
C:\USERS\BEN\DESKTOP\PROJECTS\GRAVITY\GRAVITY\RELEASE\INPUTMANAGER.OBJ
C:\USERS\BEN\DESKTOP\PROJECTS\GRAVITY\GRAVITY\RELEASE\GAMEOBJECT.OBJ
C:\USERS\BEN\DESKTOP\PROJECTS\GRAVITY\GRAVITY\RELEASE\GAME.OBJ
C:\USERS\BEN\DESKTOP\PROJECTS\GRAVITY\GRAVITY\RELEASE\COLLISIONOBJECT.OBJ
C:\USERS\BEN\DESKTOP\PROJECTS\GRAVITY\GRAVITY\RELEASE\CHARACTER.OBJ
C:\USERS\BEN\DESKTOP\PROJECTS\GRAVITY\GRAVITY\RELEASE\CAMERA.OBJ
C:\USERS\BEN\DESKTOP\PROJECTS\GRAVITY\GRAVITY\RELEASE\BONE.OBJ
C:\USERS\BEN\DESKTOP\PROJECTS\GRAVITY\GRAVITY\RELEASE\ASSETMANAGER.OBJ
C:\USERS\BEN\DESKTOP\PROJECTS\GRAVITY\GRAVITY\RELEASE\ASSETLOADER.OBJ
C:\USERS\BEN\DESKTOP\PROJECTS\GRAVITY\GRAVITY\RELEASE\AI.OBJ
C:\USERS\BEN\DESKTOP\PROJECTS\GRAVITY\GRAVITY\RELEASE\WEAPON.OBJ
C:\USERS\BEN\DESKTOP\PROJECTS\GRAVITY\GRAVITY\RELEASE\TEXTURE.OBJ
C:\USERS\BEN\DESKTOP\PROJECTS\GRAVITY\GRAVITY\RELEASE\VC110.PDB
C:\USERS\BEN\DESKTOP\PROJECTS\GRAVITY\GRAVITY\RELEASE\SPELL.OBJ
C:\USERS\BEN\DESKTOP\PROJECTS\GRAVITY\GRAVITY\RELEASE\FIREBALLLAUNCHER.OBJ
C:\USERS\BEN\DESKTOP\PROJECTS\GRAVITY\GRAVITY\RELEASE\SETTINGS.OBJ
C:\USERS\BEN\DESKTOP\PROJECTS\GRAVITY\GRAVITY\RELEASE\PACKET.OBJ
C:\USERS\BEN\DESKTOP\PROJECTS\GRAVITY\GRAVITY\RELEASE\HOSTTHREAD.OBJ
C:\USERS\BEN\DESKTOP\PROJECTS\GRAVITY\GRAVITY\RELEASE\HOSTLISTENER.OBJ
C:\USERS\BEN\DESKTOP\PROJECTS\GRAVITY\GRAVITY\RELEASE\CLIENTTHREAD.OBJ
C:\Users\Ben\Desktop\Projects\Gravity\Gravity\Release\AI.obj
C:\Users\Ben\Desktop\Projects\Gravity\Gravity\Release\AssetLoader.obj
C:\Users\Ben\Desktop\Projects\Gravity\Gravity\Release\AssetManager.obj
C:\Users\Ben\Desktop\Projects\Gravity\Gravity\Release\Bone.obj
C:\Users\Ben\Desktop\Projects\Gravity\Gravity\Release\Camera.obj
C:\Users\Ben\Desktop\Projects\Gravity\Gravity\Release\Character.obj
C:\Users\Ben\Desktop\Projects\Gravity\Gravity\Release\ClientThread.obj
C:\Users\Ben\Desktop\Projects\Gravity\Gravity\Release\CollisionObject.obj
C:\Users\Ben\Desktop\Projects\Gravity\Gravity\Release\FireballLauncher.obj
C:\Users\Ben\Desktop\Projects\Gravity\Gravity\Release\Game.obj
C:\Users\Ben\Desktop\Projects\Gravity\Gravity\Release\GameObject.obj
C:\Users\Ben\Desktop\Projects\Gravity\Gravity\Release\HostListener.obj
C:\Users\Ben\Desktop\Projects\Gravity\Gravity\Release\HostThread.obj
C:\Users\Ben\Desktop\Projects\Gravity\Gravity\Release\InputManager.obj
C:\Users\Ben\Desktop\Projects\Gravity\Gravity\Release\main.obj
C:\Users\Ben\Desktop\Projects\Gravity\Gravity\Release\Model.obj
C:\Users\Ben\Desktop\Projects\Gravity\Gravity\Release\Packet.obj
C:\Users\Ben\Desktop\Projects\Gravity\Gravity\Release\PhysicsObject.obj
C:\Users\Ben\Desktop\Projects\Gravity\Gravity\Release\PlayerObject.obj
C:\Users\Ben\Desktop\Projects\Gravity\Gravity\Release\RagdollObject.obj
C:\Users\Ben\Desktop\Projects\Gravity\Gravity\Release\RenderObject.obj
C:\Users\Ben\Desktop\Projects\Gravity\Gravity\Release\RigidObject.obj
C:\Users\Ben\Desktop\Projects\Gravity\Gravity\Release\Rocket.obj
C:\Users\Ben\Desktop\Projects\Gravity\Gravity\Release\RocketLauncher.obj
C:\Users\Ben\Desktop\Projects\Gravity\Gravity\Release\Settings.obj
C:\Users\Ben\Desktop\Projects\Gravity\Gravity\Release\Shader.obj
C:\Users\Ben\Desktop\Projects\Gravity\Gravity\Release\Spell.obj
C:\Users\Ben\Desktop\Projects\Gravity\Gravity\Release\Texture.obj
C:\Users\Ben\Desktop\Projects\Gravity\Gravity\Release\Weapon.obj
C:\Users\Ben\Desktop\Projects\Gravity\Gravity\Release\cl.command.1.tlog
C:\Users\Ben\Desktop\Projects\Gravity\Gravity\Release\CL.read.1.tlog
C:\Users\Ben\Desktop\Projects\Gravity\Gravity\Release\CL.write.1.tlog
C:\Users\Ben\Desktop\Projects\Gravity\Gravity\Release\link-cvtres.read.1.tlog
C:\Users\Ben\Desktop\Projects\Gravity\Gravity\Release\link-cvtres.write.1.tlog
C:\Users\Ben\Desktop\Projects\Gravity\Gravity\Release\link-rc.read.1.tlog
C:\Users\Ben\Desktop\Projects\Gravity\Gravity\Release\link-rc.write.1.tlog
C:\Users\Ben\Desktop\Projects\Gravity\Gravity\Release\link.command.1.tlog
C:\Users\Ben\Desktop\Projects\Gravity\Gravity\Release\link.read.1.tlog
C:\Users\Ben\Desktop\Projects\Gravity\Gravity\Release\link.read.2.tlog
C:\Users\Ben\Desktop\Projects\Gravity\Gravity\Release\link.read.3.tlog
C:\Users\Ben\Desktop\Projects\Gravity\Gravity\Release\link.read.4.tlog
C:\Users\Ben\Desktop\Projects\Gravity\Gravity\Release\link.read.5.tlog
C:\Users\Ben\Desktop\Projects\Gravity\Gravity\Release\link.write.1.tlog
C:\Users\Ben\Desktop\Projects\Gravity\Gravity\Release\vc110.pdb
C:\Users\Ben\Desktop\Projects\Gravity\Release\Gravity.pdb
