c:\users\ben\desktop\projects\boat\boat\debug\fireballlauncher.obj
c:\users\ben\desktop\projects\boat\boat\debug\framebuffer.obj
c:\users\ben\desktop\projects\boat\boat\debug\game.obj
c:\users\ben\desktop\projects\boat\boat\debug\gameobject.obj
c:\users\ben\desktop\projects\boat\boat\debug\gaussiandistributionhandler.obj
c:\users\ben\desktop\projects\boat\boat\debug\inputmanager.obj
c:\users\ben\desktop\projects\boat\boat\debug\main.obj
c:\users\ben\desktop\projects\boat\boat\debug\model.obj
c:\users\ben\desktop\projects\boat\boat\debug\ocean.obj
c:\users\ben\desktop\projects\boat\boat\debug\packet.obj
c:\users\ben\desktop\projects\boat\boat\debug\physicsobject.obj
c:\users\ben\desktop\projects\boat\boat\debug\playerobject.obj
c:\users\ben\desktop\projects\boat\boat\debug\ragdollobject.obj
c:\users\ben\desktop\projects\boat\boat\debug\renderobject.obj
c:\users\ben\desktop\projects\boat\boat\debug\rigidobject.obj
c:\users\ben\desktop\projects\boat\boat\debug\fireball.obj
c:\users\ben\desktop\projects\boat\boat\debug\settings.obj
c:\users\ben\desktop\projects\boat\boat\debug\shader.obj
c:\users\ben\desktop\projects\boat\boat\debug\spell.obj
c:\users\ben\desktop\projects\boat\boat\debug\texture.obj
c:\users\ben\desktop\projects\boat\boat\debug\ai.obj
c:\users\ben\desktop\projects\boat\boat\debug\assetloader.obj
c:\users\ben\desktop\projects\boat\boat\debug\assetmanager.obj
c:\users\ben\desktop\projects\boat\boat\debug\boat.obj
c:\users\ben\desktop\projects\boat\boat\debug\buoyancypoint.obj
c:\users\ben\desktop\projects\boat\boat\debug\camera.obj
c:\users\ben\desktop\projects\boat\boat\debug\character.obj
c:\users\ben\desktop\projects\boat\boat\debug\client.obj
c:\users\ben\desktop\projects\boat\boat\debug\clientthread.obj
c:\users\ben\desktop\projects\boat\boat\debug\collisionobject.obj
c:\users\ben\desktop\projects\boat\boat\debug\databuffer.obj
c:\users\ben\desktop\projects\boat\boat\debug\eventhandler.obj
c:\users\ben\desktop\projects\boat\boat\debug\eventlogger.obj
c:\users\ben\desktop\projects\boat\boat\debug\eventserializer.obj
c:\users\ben\desktop\projects\boat\boat\debug\vc110.pdb
c:\users\ben\desktop\projects\boat\debug\boat.ilk
c:\users\ben\desktop\projects\boat\debug\boat.exe
c:\users\ben\desktop\projects\boat\debug\boat.pdb
c:\users\ben\desktop\projects\boat\boat\debug\cl.command.1.tlog
c:\users\ben\desktop\projects\boat\boat\debug\cl.read.1.tlog
c:\users\ben\desktop\projects\boat\boat\debug\cl.write.1.tlog
c:\users\ben\desktop\projects\boat\boat\debug\link-cvtres.read.1.tlog
c:\users\ben\desktop\projects\boat\boat\debug\link-cvtres.write.1.tlog
c:\users\ben\desktop\projects\boat\boat\debug\link-rc.read.1.tlog
c:\users\ben\desktop\projects\boat\boat\debug\link-rc.write.1.tlog
c:\users\ben\desktop\projects\boat\boat\debug\link.1688-cvtres.read.1.tlog
c:\users\ben\desktop\projects\boat\boat\debug\link.1688-cvtres.write.1.tlog
c:\users\ben\desktop\projects\boat\boat\debug\link.1688-rc.read.1.tlog
c:\users\ben\desktop\projects\boat\boat\debug\link.1688-rc.write.1.tlog
c:\users\ben\desktop\projects\boat\boat\debug\link.1688.read.1.tlog
c:\users\ben\desktop\projects\boat\boat\debug\link.1688.read.2.tlog
c:\users\ben\desktop\projects\boat\boat\debug\link.1688.write.1.tlog
c:\users\ben\desktop\projects\boat\boat\debug\link.2564-cvtres.read.1.tlog
c:\users\ben\desktop\projects\boat\boat\debug\link.2564-cvtres.write.1.tlog
c:\users\ben\desktop\projects\boat\boat\debug\link.2564-rc.read.1.tlog
c:\users\ben\desktop\projects\boat\boat\debug\link.2564-rc.write.1.tlog
c:\users\ben\desktop\projects\boat\boat\debug\link.2564.read.1.tlog
c:\users\ben\desktop\projects\boat\boat\debug\link.2564.read.2.tlog
c:\users\ben\desktop\projects\boat\boat\debug\link.2564.write.1.tlog
c:\users\ben\desktop\projects\boat\boat\debug\link.2608-cvtres.read.1.tlog
c:\users\ben\desktop\projects\boat\boat\debug\link.2608-cvtres.write.1.tlog
c:\users\ben\desktop\projects\boat\boat\debug\link.2608-rc.read.1.tlog
c:\users\ben\desktop\projects\boat\boat\debug\link.2608-rc.write.1.tlog
c:\users\ben\desktop\projects\boat\boat\debug\link.2608.read.1.tlog
c:\users\ben\desktop\projects\boat\boat\debug\link.2608.read.2.tlog
c:\users\ben\desktop\projects\boat\boat\debug\link.2608.write.1.tlog
c:\users\ben\desktop\projects\boat\boat\debug\link.2620-cvtres.read.1.tlog
c:\users\ben\desktop\projects\boat\boat\debug\link.2620-cvtres.write.1.tlog
c:\users\ben\desktop\projects\boat\boat\debug\link.2620-rc.read.1.tlog
c:\users\ben\desktop\projects\boat\boat\debug\link.2620-rc.write.1.tlog
c:\users\ben\desktop\projects\boat\boat\debug\link.2620.read.1.tlog
c:\users\ben\desktop\projects\boat\boat\debug\link.2620.read.2.tlog
c:\users\ben\desktop\projects\boat\boat\debug\link.2620.write.1.tlog
c:\users\ben\desktop\projects\boat\boat\debug\link.3020-cvtres.read.1.tlog
c:\users\ben\desktop\projects\boat\boat\debug\link.3020-cvtres.write.1.tlog
c:\users\ben\desktop\projects\boat\boat\debug\link.3020-rc.read.1.tlog
c:\users\ben\desktop\projects\boat\boat\debug\link.3020-rc.write.1.tlog
c:\users\ben\desktop\projects\boat\boat\debug\link.3020.read.1.tlog
c:\users\ben\desktop\projects\boat\boat\debug\link.3020.read.2.tlog
c:\users\ben\desktop\projects\boat\boat\debug\link.3020.write.1.tlog
c:\users\ben\desktop\projects\boat\boat\debug\link.3684-cvtres.read.1.tlog
c:\users\ben\desktop\projects\boat\boat\debug\link.3684-cvtres.write.1.tlog
c:\users\ben\desktop\projects\boat\boat\debug\link.3684-rc.read.1.tlog
c:\users\ben\desktop\projects\boat\boat\debug\link.3684-rc.write.1.tlog
c:\users\ben\desktop\projects\boat\boat\debug\link.3684.read.1.tlog
c:\users\ben\desktop\projects\boat\boat\debug\link.3684.read.2.tlog
c:\users\ben\desktop\projects\boat\boat\debug\link.3684.write.1.tlog
c:\users\ben\desktop\projects\boat\boat\debug\link.3844-cvtres.read.1.tlog
c:\users\ben\desktop\projects\boat\boat\debug\link.3844-cvtres.write.1.tlog
c:\users\ben\desktop\projects\boat\boat\debug\link.3844-rc.read.1.tlog
c:\users\ben\desktop\projects\boat\boat\debug\link.3844-rc.write.1.tlog
c:\users\ben\desktop\projects\boat\boat\debug\link.3844.read.1.tlog
c:\users\ben\desktop\projects\boat\boat\debug\link.3844.read.2.tlog
c:\users\ben\desktop\projects\boat\boat\debug\link.3844.write.1.tlog
c:\users\ben\desktop\projects\boat\boat\debug\link.4708-cvtres.read.1.tlog
c:\users\ben\desktop\projects\boat\boat\debug\link.4708-cvtres.write.1.tlog
c:\users\ben\desktop\projects\boat\boat\debug\link.4708-rc.read.1.tlog
c:\users\ben\desktop\projects\boat\boat\debug\link.4708-rc.write.1.tlog
c:\users\ben\desktop\projects\boat\boat\debug\link.4708.read.1.tlog
c:\users\ben\desktop\projects\boat\boat\debug\link.4708.read.2.tlog
c:\users\ben\desktop\projects\boat\boat\debug\link.4708.write.1.tlog
c:\users\ben\desktop\projects\boat\boat\debug\link.4768-cvtres.read.1.tlog
c:\users\ben\desktop\projects\boat\boat\debug\link.4768-cvtres.write.1.tlog
c:\users\ben\desktop\projects\boat\boat\debug\link.4768-rc.read.1.tlog
c:\users\ben\desktop\projects\boat\boat\debug\link.4768-rc.write.1.tlog
c:\users\ben\desktop\projects\boat\boat\debug\link.4768.read.1.tlog
c:\users\ben\desktop\projects\boat\boat\debug\link.4768.read.2.tlog
c:\users\ben\desktop\projects\boat\boat\debug\link.4768.write.1.tlog
c:\users\ben\desktop\projects\boat\boat\debug\link.5492-cvtres.read.1.tlog
c:\users\ben\desktop\projects\boat\boat\debug\link.5492-cvtres.write.1.tlog
c:\users\ben\desktop\projects\boat\boat\debug\link.5492-rc.read.1.tlog
c:\users\ben\desktop\projects\boat\boat\debug\link.5492-rc.write.1.tlog
c:\users\ben\desktop\projects\boat\boat\debug\link.5492.read.1.tlog
c:\users\ben\desktop\projects\boat\boat\debug\link.5492.read.2.tlog
c:\users\ben\desktop\projects\boat\boat\debug\link.5492.write.1.tlog
c:\users\ben\desktop\projects\boat\boat\debug\link.564-cvtres.read.1.tlog
c:\users\ben\desktop\projects\boat\boat\debug\link.564-cvtres.write.1.tlog
c:\users\ben\desktop\projects\boat\boat\debug\link.564-rc.read.1.tlog
c:\users\ben\desktop\projects\boat\boat\debug\link.564-rc.write.1.tlog
c:\users\ben\desktop\projects\boat\boat\debug\link.564.read.1.tlog
c:\users\ben\desktop\projects\boat\boat\debug\link.564.read.2.tlog
c:\users\ben\desktop\projects\boat\boat\debug\link.564.write.1.tlog
c:\users\ben\desktop\projects\boat\boat\debug\link.6232-cvtres.read.1.tlog
c:\users\ben\desktop\projects\boat\boat\debug\link.6232-cvtres.write.1.tlog
c:\users\ben\desktop\projects\boat\boat\debug\link.6232-rc.read.1.tlog
c:\users\ben\desktop\projects\boat\boat\debug\link.6232-rc.write.1.tlog
c:\users\ben\desktop\projects\boat\boat\debug\link.6232.read.1.tlog
c:\users\ben\desktop\projects\boat\boat\debug\link.6232.read.2.tlog
c:\users\ben\desktop\projects\boat\boat\debug\link.6232.write.1.tlog
c:\users\ben\desktop\projects\boat\boat\debug\link.6300-cvtres.read.1.tlog
c:\users\ben\desktop\projects\boat\boat\debug\link.6300-cvtres.write.1.tlog
c:\users\ben\desktop\projects\boat\boat\debug\link.6300-rc.read.1.tlog
c:\users\ben\desktop\projects\boat\boat\debug\link.6300-rc.write.1.tlog
c:\users\ben\desktop\projects\boat\boat\debug\link.6300.read.1.tlog
c:\users\ben\desktop\projects\boat\boat\debug\link.6300.read.2.tlog
c:\users\ben\desktop\projects\boat\boat\debug\link.6300.write.1.tlog
c:\users\ben\desktop\projects\boat\boat\debug\link.6332-cvtres.read.1.tlog
c:\users\ben\desktop\projects\boat\boat\debug\link.6332-cvtres.write.1.tlog
c:\users\ben\desktop\projects\boat\boat\debug\link.6332-rc.read.1.tlog
c:\users\ben\desktop\projects\boat\boat\debug\link.6332-rc.write.1.tlog
c:\users\ben\desktop\projects\boat\boat\debug\link.6332.read.1.tlog
c:\users\ben\desktop\projects\boat\boat\debug\link.6332.read.2.tlog
c:\users\ben\desktop\projects\boat\boat\debug\link.6332.write.1.tlog
c:\users\ben\desktop\projects\boat\boat\debug\link.6488-cvtres.read.1.tlog
c:\users\ben\desktop\projects\boat\boat\debug\link.6488-cvtres.write.1.tlog
c:\users\ben\desktop\projects\boat\boat\debug\link.6488-rc.read.1.tlog
c:\users\ben\desktop\projects\boat\boat\debug\link.6488-rc.write.1.tlog
c:\users\ben\desktop\projects\boat\boat\debug\link.6488.read.1.tlog
c:\users\ben\desktop\projects\boat\boat\debug\link.6488.read.2.tlog
c:\users\ben\desktop\projects\boat\boat\debug\link.6488.write.1.tlog
c:\users\ben\desktop\projects\boat\boat\debug\link.6552-cvtres.read.1.tlog
c:\users\ben\desktop\projects\boat\boat\debug\link.6552-cvtres.write.1.tlog
c:\users\ben\desktop\projects\boat\boat\debug\link.6552-rc.read.1.tlog
c:\users\ben\desktop\projects\boat\boat\debug\link.6552-rc.write.1.tlog
c:\users\ben\desktop\projects\boat\boat\debug\link.6552.read.1.tlog
c:\users\ben\desktop\projects\boat\boat\debug\link.6552.read.2.tlog
c:\users\ben\desktop\projects\boat\boat\debug\link.6552.write.1.tlog
c:\users\ben\desktop\projects\boat\boat\debug\link.6604-cvtres.read.1.tlog
c:\users\ben\desktop\projects\boat\boat\debug\link.6604-cvtres.write.1.tlog
c:\users\ben\desktop\projects\boat\boat\debug\link.6604-rc.read.1.tlog
c:\users\ben\desktop\projects\boat\boat\debug\link.6604-rc.write.1.tlog
c:\users\ben\desktop\projects\boat\boat\debug\link.6604.read.1.tlog
c:\users\ben\desktop\projects\boat\boat\debug\link.6604.read.2.tlog
c:\users\ben\desktop\projects\boat\boat\debug\link.6604.write.1.tlog
c:\users\ben\desktop\projects\boat\boat\debug\link.6948-cvtres.read.1.tlog
c:\users\ben\desktop\projects\boat\boat\debug\link.6948-cvtres.write.1.tlog
c:\users\ben\desktop\projects\boat\boat\debug\link.6948-rc.read.1.tlog
c:\users\ben\desktop\projects\boat\boat\debug\link.6948-rc.write.1.tlog
c:\users\ben\desktop\projects\boat\boat\debug\link.6948.read.1.tlog
c:\users\ben\desktop\projects\boat\boat\debug\link.6948.read.2.tlog
c:\users\ben\desktop\projects\boat\boat\debug\link.6948.write.1.tlog
c:\users\ben\desktop\projects\boat\boat\debug\link.7112-cvtres.read.1.tlog
c:\users\ben\desktop\projects\boat\boat\debug\link.7112-cvtres.write.1.tlog
c:\users\ben\desktop\projects\boat\boat\debug\link.7112-rc.read.1.tlog
c:\users\ben\desktop\projects\boat\boat\debug\link.7112-rc.write.1.tlog
c:\users\ben\desktop\projects\boat\boat\debug\link.7112.read.1.tlog
c:\users\ben\desktop\projects\boat\boat\debug\link.7112.read.2.tlog
c:\users\ben\desktop\projects\boat\boat\debug\link.7112.write.1.tlog
c:\users\ben\desktop\projects\boat\boat\debug\link.7224-cvtres.read.1.tlog
c:\users\ben\desktop\projects\boat\boat\debug\link.7224-cvtres.write.1.tlog
c:\users\ben\desktop\projects\boat\boat\debug\link.7224-rc.read.1.tlog
c:\users\ben\desktop\projects\boat\boat\debug\link.7224-rc.write.1.tlog
c:\users\ben\desktop\projects\boat\boat\debug\link.7224.read.1.tlog
c:\users\ben\desktop\projects\boat\boat\debug\link.7224.read.2.tlog
c:\users\ben\desktop\projects\boat\boat\debug\link.7224.write.1.tlog
c:\users\ben\desktop\projects\boat\boat\debug\link.7280-cvtres.read.1.tlog
c:\users\ben\desktop\projects\boat\boat\debug\link.7280-cvtres.write.1.tlog
c:\users\ben\desktop\projects\boat\boat\debug\link.7280-rc.read.1.tlog
c:\users\ben\desktop\projects\boat\boat\debug\link.7280-rc.write.1.tlog
c:\users\ben\desktop\projects\boat\boat\debug\link.7280.read.1.tlog
c:\users\ben\desktop\projects\boat\boat\debug\link.7280.read.2.tlog
c:\users\ben\desktop\projects\boat\boat\debug\link.7280.write.1.tlog
c:\users\ben\desktop\projects\boat\boat\debug\link.7292-cvtres.read.1.tlog
c:\users\ben\desktop\projects\boat\boat\debug\link.7292-cvtres.write.1.tlog
c:\users\ben\desktop\projects\boat\boat\debug\link.7292-rc.read.1.tlog
c:\users\ben\desktop\projects\boat\boat\debug\link.7292-rc.write.1.tlog
c:\users\ben\desktop\projects\boat\boat\debug\link.7292.read.1.tlog
c:\users\ben\desktop\projects\boat\boat\debug\link.7292.read.2.tlog
c:\users\ben\desktop\projects\boat\boat\debug\link.7292.write.1.tlog
c:\users\ben\desktop\projects\boat\boat\debug\link.7344-cvtres.read.1.tlog
c:\users\ben\desktop\projects\boat\boat\debug\link.7344-cvtres.write.1.tlog
c:\users\ben\desktop\projects\boat\boat\debug\link.7344-rc.read.1.tlog
c:\users\ben\desktop\projects\boat\boat\debug\link.7344-rc.write.1.tlog
c:\users\ben\desktop\projects\boat\boat\debug\link.7344.read.1.tlog
c:\users\ben\desktop\projects\boat\boat\debug\link.7344.read.2.tlog
c:\users\ben\desktop\projects\boat\boat\debug\link.7344.write.1.tlog
c:\users\ben\desktop\projects\boat\boat\debug\link.command.1.tlog
c:\users\ben\desktop\projects\boat\boat\debug\link.read.1.tlog
c:\users\ben\desktop\projects\boat\boat\debug\link.read.2.tlog
c:\users\ben\desktop\projects\boat\boat\debug\link.write.1.tlog
c:\users\ben\desktop\projects\boat\boat\debug\vc110.idb
c:\users\ben\desktop\projects\boat\boat\debug\vc120.idb
c:\users\ben\desktop\projects\boat\boat\debug\vc120.pdb
