Build started 5/27/2015 4:06:55 PM.
     1>Project "C:\Users\Ben\Desktop\Projects\Gravity\Gravity\Gravity.vcxproj" on node 2 (Build target(s)).
     1>ClCompile:
         C:\Program Files (x86)\Microsoft Visual Studio 11.0\VC\bin\CL.exe /c /I"C:\Program Files (x86)\Visual Leak Detector\include" /ZI /nologo /W3 /WX- /Od /Oy- /D WIN32 /D _DEBUG /D _CONSOLE /D _MBCS /Gm /EHsc /RTC1 /MTd /GS /fp:precise /Zc:wchar_t /Zc:forScope /Fo".\Debug/" /Fd".\Debug/vc110.pdb" /Gd /TP /analyze- /errorReport:prompt Game.cpp
         Game.cpp
     1>c:\program files (x86)\microsoft visual studio 11.0\vc\include\math.h(631): warning C4005: 'M_PI' : macro redefinition
                 c:\users\ben\desktop\projects\gravity\gravity\sdl2-2.0.3\include\sdl_stdinc.h(350) : see previous definition of 'M_PI'
     1>c:\users\ben\desktop\projects\gravity\gravity\utilities.h(24): warning C4018: '<' : signed/unsigned mismatch
     1>c:\users\ben\desktop\projects\gravity\gravity\utilities.h(28): warning C4244: '=' : conversion from 'double' to 'float', possible loss of data
     1>c:\users\ben\desktop\projects\gravity\gravity\utilities.h(29): warning C4244: '=' : conversion from 'double' to 'float', possible loss of data
     1>c:\users\ben\desktop\projects\gravity\gravity\utilities.h(37): warning C4244: '=' : conversion from 'double' to 'float', possible loss of data
     1>c:\users\ben\desktop\projects\gravity\gravity\game.cpp(20): warning C4996: 'strncpy': This function or variable may be unsafe. Consider using strncpy_s instead. To disable deprecation, use _CRT_SECURE_NO_WARNINGS. See online help for details.
                 c:\program files (x86)\microsoft visual studio 11.0\vc\include\string.h(191) : see declaration of 'strncpy'
     1>c:\users\ben\desktop\projects\gravity\gravity\game.cpp(41): warning C4244: '=' : conversion from 'double' to 'int', possible loss of data
     1>c:\users\ben\desktop\projects\gravity\gravity\game.cpp(57): warning C4996: 'fopen': This function or variable may be unsafe. Consider using fopen_s instead. To disable deprecation, use _CRT_SECURE_NO_WARNINGS. See online help for details.
                 c:\program files (x86)\microsoft visual studio 11.0\vc\include\stdio.h(218) : see declaration of 'fopen'
     1>c:\users\ben\desktop\projects\gravity\gravity\game.cpp(70): warning C4018: '<' : signed/unsigned mismatch
     1>c:\users\ben\desktop\projects\gravity\gravity\game.cpp(99): warning C4244: 'initializing' : conversion from 'double' to 'float', possible loss of data
     1>c:\users\ben\desktop\projects\gravity\gravity\game.cpp(154): warning C4996: 'vsprintf': This function or variable may be unsafe. Consider using vsprintf_s instead. To disable deprecation, use _CRT_SECURE_NO_WARNINGS. See online help for details.
                 c:\program files (x86)\microsoft visual studio 11.0\vc\include\stdio.h(357) : see declaration of 'vsprintf'
     1>c:\users\ben\desktop\projects\gravity\gravity\game.cpp(253): warning C4800: 'BOOL' : forcing value to bool 'true' or 'false' (performance warning)
     1>c:\users\ben\desktop\projects\gravity\gravity\game.cpp(539): warning C4305: 'argument' : truncation from 'double' to 'const btScalar'
     1>c:\users\ben\desktop\projects\gravity\gravity\game.cpp(671): warning C4244: 'argument' : conversion from 'double' to 'long', possible loss of data
     1>c:\users\ben\desktop\projects\gravity\gravity\game.cpp(877): warning C4305: 'argument' : truncation from 'double' to 'GLclampf'
     1>c:\users\ben\desktop\projects\gravity\gravity\game.cpp(894): warning C4244: 'argument' : conversion from 'long' to 'float', possible loss of data
       Link:
         C:\Program Files (x86)\Microsoft Visual Studio 11.0\VC\bin\link.exe /ERRORREPORT:PROMPT /OUT:"C:\Users\Ben\Desktop\Projects\Gravity\Debug\Gravity.exe" /INCREMENTAL /NOLOGO /LIBPATH:"C:\Program Files (x86)\Visual Leak Detector\lib\Win32" glew32.lib glu32.lib opengl32.lib "SDL2-2.0.3\lib\x86\SDL2.lib" Ws2_32.lib Bullet\lib\OpenGLSupport_debug.lib Bullet\lib\BulletDynamics_debug.lib Bullet\lib\BulletCollision_debug.lib Bullet\lib\LinearMath_debug.lib Bullet\lib\BulletSoftBody_debug.lib kernel32.lib user32.lib gdi32.lib winspool.lib comdlg32.lib advapi32.lib shell32.lib ole32.lib oleaut32.lib uuid.lib odbc32.lib odbccp32.lib /MANIFEST /MANIFESTUAC:"level='asInvoker' uiAccess='false'" /manifest:embed /DEBUG /PDB:".\Debug/gravity.pdb" /TLBID:1 /DYNAMICBASE /NXCOMPAT /IMPLIB:"C:\Users\Ben\Desktop\Projects\Gravity\Debug\Gravity.lib" /MACHINE:X86 .\Debug/AI.obj
         .\Debug/AssetLoader.obj
         .\Debug/AssetManager.obj
         .\Debug/Camera.obj
         .\Debug/Character.obj
         .\Debug/Client.obj
         .\Debug/ClientThread.obj
         .\Debug/CollisionObject.obj
         .\Debug/DataBuffer.obj
         .\Debug/EventSerializer.obj
         .\Debug/EventHandler.obj
         .\Debug/EventLogger.obj
         .\Debug/Game.obj
         .\Debug/GameObject.obj
         .\Debug/InputManager.obj
         .\Debug/main.obj
         .\Debug/Model.obj
         .\Debug/Packet.obj
         .\Debug/PhysicsObject.obj
         .\Debug/PlayerObject.obj
         .\Debug/RagdollObject.obj
         .\Debug/RenderObject.obj
         .\Debug/RigidObject.obj
         .\Debug/Rocket.obj
         .\Debug/FireballLauncher.obj
         .\Debug/Settings.obj
         .\Debug/Shader.obj
         .\Debug/Texture.obj
         .\Debug/Spell.obj
         Gravity.vcxproj -> C:\Users\Ben\Desktop\Projects\Gravity\Debug\Gravity.exe
     1>Done Building Project "C:\Users\Ben\Desktop\Projects\Gravity\Gravity\Gravity.vcxproj" (Build target(s)).

Build succeeded.

Time Elapsed 00:00:04.47
